#
# There is insufficient memory for the Java Runtime Environment to continue.
# Native memory allocation (malloc) failed to allocate 1675200 bytes for Chunk::new
# Possible reasons:
#   The system is out of physical RAM or swap space
#   In 32 bit mode, the process size limit was hit
# Possible solutions:
#   Reduce memory load on the system
#   Increase physical memory or swap space
#   Check if swap backing store is full
#   Use 64 bit Java on a 64 bit OS
#   Decrease Java heap size (-Xmx/-Xms)
#   Decrease number of Java threads
#   Decrease Java thread stack sizes (-Xss)
#   Set larger code cache with -XX:ReservedCodeCacheSize=
# This output file may be truncated or incomplete.
#
#  Out of Memory Error (allocation.cpp:390), pid=5324, tid=0x0000000000001310
#
# JRE version: OpenJDK Runtime Environment (8.0_112-b06) (build 1.8.0_112-release-b06)
# Java VM: OpenJDK 64-Bit Server VM (25.112-b06 mixed mode windows-amd64 compressed oops)
# Failed to write core dump. Minidumps are not enabled by default on client versions of Windows
#

---------------  T H R E A D  ---------------

Current thread (0x0000000018e62800):  JavaThread "C2 CompilerThread2" daemon [_thread_in_native, id=4880, stack(0x00000000197c0000,0x00000000198c0000)]

Stack: [0x00000000197c0000,0x00000000198c0000]
[error occurred during error reporting (printing stack bounds), id 0xc0000005]

Native frames: (J=compiled Java code, j=interpreted, Vv=VM code, C=native code)


Current CompileTask:
C2:1224536 10787       4       org.gradle.api.internal.project.taskfactory.DefaultTaskClassValidatorExtractor$2::visitType (256 bytes)


---------------  P R O C E S S  ---------------

Java Threads: ( => current thread )
  0x000000002603d800 JavaThread "Stdin handler" [_thread_blocked, id=5580, stack(0x000000001ce60000,0x000000001cf60000)]
  0x000000002603e800 JavaThread "Asynchronous log dispatcher for DefaultDaemonConnection: socket connection from /127.0.0.1:50539 to /127.0.0.1:50828" [_thread_blocked, id=4380, stack(0x000000001cd60000,0x000000001ce60000)]
  0x000000002603a800 JavaThread "Daemon worker Thread 4" [_thread_in_native, id=5356, stack(0x000000001cc60000,0x000000001cd60000)]
  0x0000000026039800 JavaThread "Cancel handler" [_thread_blocked, id=4012, stack(0x000000001cb60000,0x000000001cc60000)]
  0x0000000026039000 JavaThread "Handler for socket connection from /127.0.0.1:50539 to /127.0.0.1:50828" [_thread_in_native, id=5536, stack(0x000000001c960000,0x000000001ca60000)]
  0x000000002603c000 JavaThread "Daemon Thread 4" [_thread_blocked, id=5260, stack(0x000000001c860000,0x000000001c960000)]
  0x000000001aaf8000 JavaThread "pool-2-thread-1" [_thread_blocked, id=5224, stack(0x000000001ff90000,0x0000000020090000)]
  0x000000001ab7f000 JavaThread "File lock request listener" [_thread_in_native, id=3688, stack(0x000000001d260000,0x000000001d360000)]
  0x000000001a9eb800 JavaThread "pool-1-thread-1" [_thread_blocked, id=6108, stack(0x000000001ca60000,0x000000001cb60000)]
  0x000000001aa8b800 JavaThread "Incoming local TCP Connector on port 50539" [_thread_in_native, id=2836, stack(0x000000001c560000,0x000000001c660000)]
  0x0000000018ee3800 JavaThread "Service Thread" daemon [_thread_blocked, id=4952, stack(0x00000000199c0000,0x0000000019ac0000)]
  0x0000000018e65800 JavaThread "C1 CompilerThread3" daemon [_thread_blocked, id=6040, stack(0x00000000198c0000,0x00000000199c0000)]
=>0x0000000018e62800 JavaThread "C2 CompilerThread2" daemon [_thread_in_native, id=4880, stack(0x00000000197c0000,0x00000000198c0000)]
  0x0000000018e5d800 JavaThread "C2 CompilerThread1" daemon [_thread_blocked, id=3332, stack(0x00000000196c0000,0x00000000197c0000)]
  0x0000000018e5b800 JavaThread "C2 CompilerThread0" daemon [_thread_blocked, id=4844, stack(0x00000000195c0000,0x00000000196c0000)]
  0x0000000018e56800 JavaThread "Attach Listener" daemon [_thread_blocked, id=5288, stack(0x00000000194c0000,0x00000000195c0000)]
  0x0000000018e55800 JavaThread "Signal Dispatcher" daemon [_thread_blocked, id=5200, stack(0x00000000193c0000,0x00000000194c0000)]
  0x0000000018e00800 JavaThread "Finalizer" daemon [_thread_blocked, id=5776, stack(0x00000000191e0000,0x00000000192e0000)]
  0x0000000003076000 JavaThread "Reference Handler" daemon [_thread_blocked, id=1900, stack(0x0000000018ce0000,0x0000000018de0000)]
  0x0000000002f80800 JavaThread "main" [_thread_blocked, id=5052, stack(0x0000000002df0000,0x0000000002ef0000)]

Other Threads:
  0x0000000016f17000 VMThread [stack: 0x0000000018be0000,0x0000000018ce0000] [id=1988]
  0x0000000018ee4800 WatcherThread [stack: 0x0000000019ac0000,0x0000000019bc0000] [id=1336]

VM state:not at safepoint (normal execution)

VM Mutex/Monitor currently owned by a thread: None

Heap:
 PSYoungGen      total 149504K, used 108368K [0x00000000e0000000, 0x00000000ec000000, 0x0000000100000000)
  eden space 138752K, 70% used [0x00000000e0000000,0x00000000e5f7c218,0x00000000e8780000)
  from space 10752K, 98% used [0x00000000eb580000,0x00000000ebfd8020,0x00000000ec000000)
  to   space 25088K, 0% used [0x00000000e8f00000,0x00000000e8f00000,0x00000000ea780000)
 ParOldGen       total 161792K, used 43087K [0x00000000a0000000, 0x00000000a9e00000, 0x00000000e0000000)
  object space 161792K, 26% used [0x00000000a0000000,0x00000000a2a13f28,0x00000000a9e00000)
 Metaspace       used 61281K, capacity 64186K, committed 64256K, reserved 1105920K
  class space    used 8076K, capacity 8650K, committed 8704K, reserved 1048576K

Card table byte_map: [0x0000000012520000,0x0000000012830000] byte_map_base: 0x0000000012020000

Marking Bits: (ParMarkBitMap*) 0x00000000530e18f0
 Begin Bits: [0x0000000013230000, 0x0000000014a30000)
 End Bits:   [0x0000000014a30000, 0x0000000016230000)

Polling page: 0x0000000000f80000

CodeCache: size=245760Kb used=31665Kb max_used=31665Kb free=214094Kb
 bounds [0x0000000003160000, 0x0000000005080000, 0x0000000012160000]
 total_blobs=9897 nmethods=9141 adapters=668
 compilation: enabled

Compilation events (10 events):
Event: 1223.985 Thread 0x0000000018e65800 nmethod 10838 0x0000000005067250 code [0x00000000050673a0, 0x0000000005067570]
Event: 1223.985 Thread 0x0000000018e65800 10842       3       org.gradle.internal.logging.progress.DefaultProgressLoggerFactory::init (50 bytes)
Event: 1223.986 Thread 0x0000000018e65800 nmethod 10842 0x0000000005067610 code [0x00000000050677c0, 0x0000000005067dd8]
Event: 1223.986 Thread 0x0000000018e65800 10843       3       org.gradle.internal.resource.transport.file.FileTransport::<init> (32 bytes)
Event: 1223.986 Thread 0x0000000018e65800 nmethod 10843 0x0000000005067f90 code [0x0000000005068120, 0x0000000005068590]
Event: 1223.986 Thread 0x0000000018e65800 10844       3       org.gradle.internal.resource.transport.file.FileResourceConnector::<init> (5 bytes)
Event: 1223.986 Thread 0x0000000018e65800 nmethod 10844 0x0000000005068790 code [0x00000000050688e0, 0x0000000005068a90]
Event: 1223.986 Thread 0x0000000018e65800 10845       1       org.gradle.api.internal.collections.CollectionFilter::getType (5 bytes)
Event: 1223.986 Thread 0x0000000018e65800 nmethod 10845 0x0000000005068b50 code [0x0000000005068ca0, 0x0000000005068db0]
Event: 1223.994 Thread 0x0000000018e5d800 nmethod 10839 0x000000000506c0d0 code [0x000000000506c260, 0x000000000506c908]

GC Heap History (10 events):
Event: 11.995 GC heap before
{Heap before GC invocations=17 (full 2):
 PSYoungGen      total 136192K, used 65803K [0x00000000e0000000, 0x00000000ea880000, 0x0000000100000000)
  eden space 116736K, 39% used [0x00000000e0000000,0x00000000e2d46c18,0x00000000e7200000)
  from space 19456K, 99% used [0x00000000e8a80000,0x00000000e9d7c228,0x00000000e9d80000)
  to   space 25088K, 0% used [0x00000000e7200000,0x00000000e7200000,0x00000000e8a80000)
 ParOldGen       total 102912K, used 32047K [0x00000000a0000000, 0x00000000a6480000, 0x00000000e0000000)
  object space 102912K, 31% used [0x00000000a0000000,0x00000000a1f4bfe0,0x00000000a6480000)
 Metaspace       used 56857K, capacity 59134K, committed 59160K, reserved 1099776K
  class space    used 7608K, capacity 8062K, committed 8064K, reserved 1048576K
Event: 12.017 GC heap after
Heap after GC invocations=17 (full 2):
 PSYoungGen      total 141824K, used 22640K [0x00000000e0000000, 0x00000000ecb00000, 0x0000000100000000)
  eden space 116736K, 0% used [0x00000000e0000000,0x00000000e0000000,0x00000000e7200000)
  from space 25088K, 90% used [0x00000000e7200000,0x00000000e881c228,0x00000000e8a80000)
  to   space 28160K, 0% used [0x00000000eaf80000,0x00000000eaf80000,0x00000000ecb00000)
 ParOldGen       total 102912K, used 32055K [0x00000000a0000000, 0x00000000a6480000, 0x00000000e0000000)
  object space 102912K, 31% used [0x00000000a0000000,0x00000000a1f4dfe0,0x00000000a6480000)
 Metaspace       used 56857K, capacity 59134K, committed 59160K, reserved 1099776K
  class space    used 7608K, capacity 8062K, committed 8064K, reserved 1048576K
}
Event: 12.017 GC heap before
{Heap before GC invocations=18 (full 3):
 PSYoungGen      total 141824K, used 22640K [0x00000000e0000000, 0x00000000ecb00000, 0x0000000100000000)
  eden space 116736K, 0% used [0x00000000e0000000,0x00000000e0000000,0x00000000e7200000)
  from space 25088K, 90% used [0x00000000e7200000,0x00000000e881c228,0x00000000e8a80000)
  to   space 28160K, 0% used [0x00000000eaf80000,0x00000000eaf80000,0x00000000ecb00000)
 ParOldGen       total 102912K, used 32055K [0x00000000a0000000, 0x00000000a6480000, 0x00000000e0000000)
  object space 102912K, 31% used [0x00000000a0000000,0x00000000a1f4dfe0,0x00000000a6480000)
 Metaspace       used 56857K, capacity 59134K, committed 59160K, reserved 1099776K
  class space    used 7608K, capacity 8062K, committed 8064K, reserved 1048576K
Event: 12.252 GC heap after
Heap after GC invocations=18 (full 3):
 PSYoungGen      total 141824K, used 0K [0x00000000e0000000, 0x00000000ecb00000, 0x0000000100000000)
  eden space 116736K, 0% used [0x00000000e0000000,0x00000000e0000000,0x00000000e7200000)
  from space 25088K, 0% used [0x00000000e7200000,0x00000000e7200000,0x00000000e8a80000)
  to   space 28160K, 0% used [0x00000000eaf80000,0x00000000eaf80000,0x00000000ecb00000)
 ParOldGen       total 161792K, used 43063K [0x00000000a0000000, 0x00000000a9e00000, 0x00000000e0000000)
  object space 161792K, 26% used [0x00000000a0000000,0x00000000a2a0df28,0x00000000a9e00000)
 Metaspace       used 56857K, capacity 59134K, committed 59160K, reserved 1099776K
  class space    used 7608K, capacity 8062K, committed 8064K, reserved 1048576K
}
Event: 744.463 GC heap before
{Heap before GC invocations=19 (full 3):
 PSYoungGen      total 141824K, used 116736K [0x00000000e0000000, 0x00000000ecb00000, 0x0000000100000000)
  eden space 116736K, 100% used [0x00000000e0000000,0x00000000e7200000,0x00000000e7200000)
  from space 25088K, 0% used [0x00000000e7200000,0x00000000e7200000,0x00000000e8a80000)
  to   space 28160K, 0% used [0x00000000eaf80000,0x00000000eaf80000,0x00000000ecb00000)
 ParOldGen       total 161792K, used 43063K [0x00000000a0000000, 0x00000000a9e00000, 0x00000000e0000000)
  object space 161792K, 26% used [0x00000000a0000000,0x00000000a2a0df28,0x00000000a9e00000)
 Metaspace       used 59437K, capacity 61926K, committed 61952K, reserved 1103872K
  class space    used 7923K, capacity 8440K, committed 8448K, reserved 1048576K
Event: 744.470 GC heap after
Heap after GC invocations=19 (full 3):
 PSYoungGen      total 159232K, used 7056K [0x00000000e0000000, 0x00000000ec000000, 0x0000000100000000)
  eden space 142336K, 0% used [0x00000000e0000000,0x00000000e0000000,0x00000000e8b00000)
  from space 16896K, 41% used [0x00000000eaf80000,0x00000000eb664050,0x00000000ec000000)
  to   space 27136K, 0% used [0x00000000e8b00000,0x00000000e8b00000,0x00000000ea580000)
 ParOldGen       total 161792K, used 43071K [0x00000000a0000000, 0x00000000a9e00000, 0x00000000e0000000)
  object space 161792K, 26% used [0x00000000a0000000,0x00000000a2a0ff28,0x00000000a9e00000)
 Metaspace       used 59437K, capacity 61926K, committed 61952K, reserved 1103872K
  class space    used 7923K, capacity 8440K, committed 8448K, reserved 1048576K
}
Event: 782.885 GC heap before
{Heap before GC invocations=20 (full 3):
 PSYoungGen      total 159232K, used 149392K [0x00000000e0000000, 0x00000000ec000000, 0x0000000100000000)
  eden space 142336K, 100% used [0x00000000e0000000,0x00000000e8b00000,0x00000000e8b00000)
  from space 16896K, 41% used [0x00000000eaf80000,0x00000000eb664050,0x00000000ec000000)
  to   space 27136K, 0% used [0x00000000e8b00000,0x00000000e8b00000,0x00000000ea580000)
 ParOldGen       total 161792K, used 43071K [0x00000000a0000000, 0x00000000a9e00000, 0x00000000e0000000)
  object space 161792K, 26% used [0x00000000a0000000,0x00000000a2a0ff28,0x00000000a9e00000)
 Metaspace       used 60700K, capacity 63294K, committed 63488K, reserved 1103872K
  class space    used 8038K, capacity 8592K, committed 8704K, reserved 1048576K
Event: 782.893 GC heap after
Heap after GC invocations=20 (full 3):
 PSYoungGen      total 169472K, used 10353K [0x00000000e0000000, 0x00000000ecf00000, 0x0000000100000000)
  eden space 142336K, 0% used [0x00000000e0000000,0x00000000e0000000,0x00000000e8b00000)
  from space 27136K, 38% used [0x00000000e8b00000,0x00000000e951c7b8,0x00000000ea580000)
  to   space 26112K, 0% used [0x00000000eb580000,0x00000000eb580000,0x00000000ecf00000)
 ParOldGen       total 161792K, used 43079K [0x00000000a0000000, 0x00000000a9e00000, 0x00000000e0000000)
  object space 161792K, 26% used [0x00000000a0000000,0x00000000a2a11f28,0x00000000a9e00000)
 Metaspace       used 60700K, capacity 63294K, committed 63488K, reserved 1103872K
  class space    used 8038K, capacity 8592K, committed 8704K, reserved 1048576K
}
Event: 874.722 GC heap before
{Heap before GC invocations=21 (full 3):
 PSYoungGen      total 169472K, used 152689K [0x00000000e0000000, 0x00000000ecf00000, 0x0000000100000000)
  eden space 142336K, 100% used [0x00000000e0000000,0x00000000e8b00000,0x00000000e8b00000)
  from space 27136K, 38% used [0x00000000e8b00000,0x00000000e951c7b8,0x00000000ea580000)
  to   space 26112K, 0% used [0x00000000eb580000,0x00000000eb580000,0x00000000ecf00000)
 ParOldGen       total 161792K, used 43079K [0x00000000a0000000, 0x00000000a9e00000, 0x00000000e0000000)
  object space 161792K, 26% used [0x00000000a0000000,0x00000000a2a11f28,0x00000000a9e00000)
 Metaspace       used 61025K, capacity 63820K, committed 64000K, reserved 1103872K
  class space    used 8055K, capacity 8617K, committed 8704K, reserved 1048576K
Event: 874.732 GC heap after
Heap after GC invocations=21 (full 3):
 PSYoungGen      total 149504K, used 10592K [0x00000000e0000000, 0x00000000ec000000, 0x0000000100000000)
  eden space 138752K, 0% used [0x00000000e0000000,0x00000000e0000000,0x00000000e8780000)
  from space 10752K, 98% used [0x00000000eb580000,0x00000000ebfd8020,0x00000000ec000000)
  to   space 25088K, 0% used [0x00000000e8f00000,0x00000000e8f00000,0x00000000ea780000)
 ParOldGen       total 161792K, used 43087K [0x00000000a0000000, 0x00000000a9e00000, 0x00000000e0000000)
  object space 161792K, 26% used [0x00000000a0000000,0x00000000a2a13f28,0x00000000a9e00000)
 Metaspace       used 61025K, capacity 63820K, committed 64000K, reserved 1103872K
  class space    used 8055K, capacity 8617K, committed 8704K, reserved 1048576K
}

Deoptimization events (10 events):
Event: 783.058 Thread 0x000000001aafc800 Uncommon trap: reason=unstable_if action=reinterpret pc=0x00000000049a6c88 method=java.lang.String.regionMatches(ZILjava/lang/String;II)Z @ 25
Event: 783.062 Thread 0x000000001aafc800 Uncommon trap: reason=unstable_if action=reinterpret pc=0x0000000003a5dbec method=com.android.utils.PositionXmlParser$DomBuilder.findOpeningTag(Lcom/android/utils/PositionXmlParser$Position;)Lcom/android/utils/PositionXmlParser$Position; @ 81
Event: 783.068 Thread 0x000000001aafc800 Uncommon trap: reason=bimorphic action=maybe_recompile pc=0x00000000038b8a5c method=org.gradle.internal.logging.text.AbstractStyledTextOutput.text(Ljava/lang/Object;)Lorg/gradle/internal/logging/text/StyledTextOutput; @ 11
Event: 783.070 Thread 0x000000002603f000 Uncommon trap: reason=class_check action=maybe_recompile pc=0x000000000494093c method=java.util.concurrent.locks.ReentrantLock.lock()V @ 4
Event: 874.245 Thread 0x0000000026039800 Uncommon trap: reason=null_check action=make_not_entrant pc=0x0000000004e1ef70 method=org.gradle.api.internal.collections.CollectionFilter.filter(Ljava/lang/Object;)Ljava/lang/Object; @ 5
Event: 874.256 Thread 0x0000000026039800 Uncommon trap: reason=class_check action=maybe_recompile pc=0x0000000004d0c220 method=com.google.common.collect.AbstractMapBasedMultimap$WrappedCollection.refreshIfEmpty()V @ 40
Event: 874.431 Thread 0x0000000026039800 Uncommon trap: reason=class_check action=maybe_recompile pc=0x00000000039baadc method=java.util.concurrent.ConcurrentHashMap.putVal(Ljava/lang/Object;Ljava/lang/Object;Z)Ljava/lang/Object; @ 192
Event: 874.564 Thread 0x0000000026039800 Uncommon trap: reason=unstable_if action=reinterpret pc=0x0000000004ee4820 method=org.gradle.api.internal.changedetection.state.CachingFileHasher.snapshot(Ljava/io/File;JJ)Lorg/gradle/api/internal/changedetection/state/CachingFileHasher$FileInfo; @ 45
Event: 874.843 Thread 0x0000000026039800 Uncommon trap: reason=bimorphic action=maybe_recompile pc=0x00000000038b8a5c method=org.gradle.internal.logging.text.AbstractStyledTextOutput.text(Ljava/lang/Object;)Lorg/gradle/internal/logging/text/StyledTextOutput; @ 11
Event: 874.845 Thread 0x000000002603e800 Uncommon trap: reason=class_check action=maybe_recompile pc=0x000000000494093c method=java.util.concurrent.locks.ReentrantLock.lock()V @ 4

Internal exceptions (10 events):
Event: 1223.060 Thread 0x000000002603a800 Exception <a 'sun/nio/fs/WindowsException'> (0x00000000e4e292a0) thrown at [C:\src\android\AOSP-openjdk\external\jetbrains\jdk\hotspot\src\share\vm\prims\jni.cpp, line 709]
Event: 1223.060 Thread 0x000000002603a800 Exception <a 'sun/nio/fs/WindowsException'> (0x00000000e4e29ea0) thrown at [C:\src\android\AOSP-openjdk\external\jetbrains\jdk\hotspot\src\share\vm\prims\jni.cpp, line 709]
Event: 1223.060 Thread 0x000000002603a800 Exception <a 'sun/nio/fs/WindowsException'> (0x00000000e4e2c9b0) thrown at [C:\src\android\AOSP-openjdk\external\jetbrains\jdk\hotspot\src\share\vm\prims\jni.cpp, line 709]
Event: 1223.060 Thread 0x000000002603a800 Exception <a 'sun/nio/fs/WindowsException'> (0x00000000e4e2d660) thrown at [C:\src\android\AOSP-openjdk\external\jetbrains\jdk\hotspot\src\share\vm\prims\jni.cpp, line 709]
Event: 1223.060 Thread 0x000000002603a800 Exception <a 'sun/nio/fs/WindowsException'> (0x00000000e4e2f2c8) thrown at [C:\src\android\AOSP-openjdk\external\jetbrains\jdk\hotspot\src\share\vm\prims\jni.cpp, line 709]
Event: 1223.060 Thread 0x000000002603a800 Exception <a 'sun/nio/fs/WindowsException'> (0x00000000e4e2ff38) thrown at [C:\src\android\AOSP-openjdk\external\jetbrains\jdk\hotspot\src\share\vm\prims\jni.cpp, line 709]
Event: 1223.060 Thread 0x000000002603a800 Exception <a 'sun/nio/fs/WindowsException'> (0x00000000e4e32c18) thrown at [C:\src\android\AOSP-openjdk\external\jetbrains\jdk\hotspot\src\share\vm\prims\jni.cpp, line 709]
Event: 1223.060 Thread 0x000000002603a800 Exception <a 'sun/nio/fs/WindowsException'> (0x00000000e4e338c0) thrown at [C:\src\android\AOSP-openjdk\external\jetbrains\jdk\hotspot\src\share\vm\prims\jni.cpp, line 709]
Event: 1223.061 Thread 0x000000002603a800 Exception <a 'sun/nio/fs/WindowsException'> (0x00000000e4e355a0) thrown at [C:\src\android\AOSP-openjdk\external\jetbrains\jdk\hotspot\src\share\vm\prims\jni.cpp, line 709]
Event: 1223.061 Thread 0x000000002603a800 Exception <a 'sun/nio/fs/WindowsException'> (0x00000000e4e36288) thrown at [C:\src\android\AOSP-openjdk\external\jetbrains\jdk\hotspot\src\share\vm\prims\jni.cpp, line 709]

Events (10 events):
Event: 1223.843 Thread 0x0000000018e5d800 flushing nmethod 0x00000000044a66d0
Event: 1223.843 Thread 0x0000000018e5d800 flushing nmethod 0x00000000044cf450
Event: 1223.856 Thread 0x0000000018e5b800 flushing nmethod 0x00000000045d4ad0
Event: 1223.856 Thread 0x0000000018e5b800 flushing nmethod 0x00000000045de910
Event: 1223.901 Thread 0x0000000018e65800 flushing nmethod 0x0000000004987ed0
Event: 1223.902 Thread 0x0000000018e65800 flushing nmethod 0x00000000049e0950
Event: 1223.902 Thread 0x0000000018e65800 flushing nmethod 0x00000000049e2c90
Event: 1223.902 Thread 0x0000000018e65800 flushing nmethod 0x0000000004a60f90
Event: 1223.903 Thread 0x0000000018e65800 flushing nmethod 0x0000000004bd6190
Event: 1223.904 Thread 0x0000000018e65800 flushing nmethod 0x0000000004ee3390


Dynamic libraries:
0x00007ff6050e0000 - 0x00007ff605111000 	C:\Program Files\Android\Android Studio\jre\bin\java.exe
0x00007ffce2260000 - 0x00007ffce2409000 	C:\Windows\SYSTEM32\ntdll.dll
0x00007ffce1cd0000 - 0x00007ffce1e09000 	C:\Windows\system32\KERNEL32.DLL
0x00007ffcdf6b0000 - 0x00007ffcdf7be000 	C:\Windows\system32\KERNELBASE.dll
0x00007ffcdfe50000 - 0x00007ffcdfef5000 	C:\Windows\system32\ADVAPI32.dll
0x00007ffce0080000 - 0x00007ffce01f1000 	C:\Windows\system32\USER32.dll
0x00007ffcdd660000 - 0x00007ffcdd8ba000 	C:\Windows\WinSxS\amd64_microsoft.windows.common-controls_6595b64144ccf1df_6.0.9600.16384_none_62475f7becb72503\COMCTL32.dll
0x00007ffce2150000 - 0x00007ffce21f7000 	C:\Windows\system32\msvcrt.dll
0x00007ffce2200000 - 0x00007ffce2257000 	C:\Windows\SYSTEM32\sechost.dll
0x00007ffcdfb00000 - 0x00007ffcdfc36000 	C:\Windows\system32\RPCRT4.dll
0x00007ffce05c0000 - 0x00007ffce0705000 	C:\Windows\system32\GDI32.dll
0x00007ffce2020000 - 0x00007ffce2054000 	C:\Windows\system32\IMM32.DLL
0x00007ffce0780000 - 0x00007ffce08b8000 	C:\Windows\system32\MSCTF.dll
0x00007ffcdf5a0000 - 0x00007ffcdf5d0000 	C:\Windows\system32\nvinitx.dll
0x00007ffcdf590000 - 0x00007ffcdf59a000 	C:\Windows\SYSTEM32\VERSION.dll
0x0000000054eb0000 - 0x0000000054eb6000 	C:\Program Files\NVIDIA Corporation\CoProcManager\_etoured.dll
0x00007ffcdd620000 - 0x00007ffcdd658000 	C:\Program Files\NVIDIA Corporation\CoProcManager\nvd3d9wrapx.dll
0x00007ffce0200000 - 0x00007ffce03d6000 	C:\Windows\system32\SETUPAPI.dll
0x00007ffcdfaa0000 - 0x00007ffcdfaea000 	C:\Windows\system32\CFGMGR32.dll
0x00007ffcdd5f0000 - 0x00007ffcdd614000 	C:\Program Files\NVIDIA Corporation\CoProcManager\nvdxgiwrapx.dll
0x0000000053970000 - 0x0000000053a42000 	C:\Program Files\Android\Android Studio\jre\jre\bin\msvcr100.dll
0x0000000052920000 - 0x000000005315c000 	C:\Program Files\Android\Android Studio\jre\jre\bin\server\jvm.dll
0x00007ffcda9e0000 - 0x00007ffcda9e9000 	C:\Windows\SYSTEM32\WSOCK32.dll
0x00007ffcdc500000 - 0x00007ffcdc51f000 	C:\Windows\SYSTEM32\WINMM.dll
0x00007ffce2080000 - 0x00007ffce2087000 	C:\Windows\system32\PSAPI.DLL
0x00007ffce1f60000 - 0x00007ffce1fb8000 	C:\Windows\system32\WS2_32.dll
0x00007ffcdaa00000 - 0x00007ffcdaa2a000 	C:\Windows\SYSTEM32\WINMMBASE.dll
0x00007ffcdfc40000 - 0x00007ffcdfc49000 	C:\Windows\system32\NSI.dll
0x00007ffcde440000 - 0x00007ffcde466000 	C:\Windows\SYSTEM32\DEVOBJ.dll
0x00007ffcda9d0000 - 0x00007ffcda9df000 	C:\Program Files\Android\Android Studio\jre\jre\bin\verify.dll
0x00007ffcd8a60000 - 0x00007ffcd8a89000 	C:\Program Files\Android\Android Studio\jre\jre\bin\java.dll
0x00007ffcd7540000 - 0x00007ffcd7556000 	C:\Program Files\Android\Android Studio\jre\jre\bin\zip.dll
0x00007ffce08c0000 - 0x00007ffce1ccf000 	C:\Windows\system32\SHELL32.dll
0x00007ffce03e0000 - 0x00007ffce05b7000 	C:\Windows\SYSTEM32\combase.dll
0x00007ffce0720000 - 0x00007ffce0771000 	C:\Windows\system32\SHLWAPI.dll
0x00007ffcdde60000 - 0x00007ffcddf01000 	C:\Windows\SYSTEM32\SHCORE.dll
0x00007ffcdf5e0000 - 0x00007ffcdf5f4000 	C:\Windows\SYSTEM32\profapi.dll
0x00007ffcd7520000 - 0x00007ffcd753a000 	C:\Program Files\Android\Android Studio\jre\jre\bin\net.dll
0x00007ffcdeed0000 - 0x00007ffcdef28000 	C:\Windows\system32\mswsock.dll
0x00007ffcd74b0000 - 0x00007ffcd74c1000 	C:\Program Files\Android\Android Studio\jre\jre\bin\nio.dll
0x00007ffcd6f90000 - 0x00007ffcd6fae000 	C:\Users\Administrator\.gradle\native\23\windows-amd64\native-platform.dll
0x00007ffcdef30000 - 0x00007ffcdef4e000 	C:\Windows\SYSTEM32\CRYPTSP.dll
0x00007ffcdeb20000 - 0x00007ffcdeb55000 	C:\Windows\system32\rsaenh.dll
0x00007ffcdf160000 - 0x00007ffcdf186000 	C:\Windows\SYSTEM32\bcrypt.dll
0x00007ffcdec30000 - 0x00007ffcdec4f000 	C:\Windows\SYSTEM32\USERENV.dll
0x00007ffcdf480000 - 0x00007ffcdf4de000 	C:\Windows\system32\bcryptprimitives.dll
0x00007ffcdf4e0000 - 0x00007ffcdf4ea000 	C:\Windows\SYSTEM32\CRYPTBASE.dll
0x00007ffcda720000 - 0x00007ffcda749000 	C:\Windows\SYSTEM32\IPHLPAPI.DLL
0x00007ffcda700000 - 0x00007ffcda70a000 	C:\Windows\SYSTEM32\WINNSI.DLL
0x00007ffcda960000 - 0x00007ffcda974000 	C:\Windows\SYSTEM32\dhcpcsvc6.DLL
0x00007ffcd9fe0000 - 0x00007ffcd9ff9000 	C:\Windows\SYSTEM32\dhcpcsvc.DLL
0x00007ffcd8a50000 - 0x00007ffcd8a5d000 	C:\Program Files\Android\Android Studio\jre\jre\bin\management.dll

VM Arguments:
jvm_args: -Xmx1536m -Dfile.encoding=x-windows-874 -Duser.country=US -Duser.language=en -Duser.variant 
java_command: org.gradle.launcher.daemon.bootstrap.GradleDaemon 3.3
java_class_path (initial): C:\Users\Administrator\.gradle\wrapper\dists\gradle-3.3-all\55gk2rcmfc6p2dg9u9ohc3hw9\gradle-3.3\lib\gradle-launcher-3.3.jar
Launcher Type: SUN_STANDARD

Environment Variables:
PATH=C:\Windows\system32;C:\Windows;C:\Windows\System32\Wbem;C:\Windows\System32\WindowsPowerShell\v1.0\;C:\Program Files (x86)\NVIDIA Corporation\PhysX\Common;C:\Program Files\Git\cmd
USERNAME=Administrator
OS=Windows_NT
PROCESSOR_IDENTIFIER=Intel64 Family 6 Model 58 Stepping 9, GenuineIntel



---------------  S Y S T E M  ---------------

OS: Windows 8.1 , 64 bit Build 9600 (6.3.9600.16408)

CPU:total 8 (4 cores per cpu, 2 threads per core) family 6 model 58 stepping 9, cmov, cx8, fxsr, mmx, sse, sse2, sse3, ssse3, sse4.1, sse4.2, popcnt, avx, aes, clmul, erms, ht, tsc, tscinvbit, tscinv

Memory: 4k page, physical 8288616k(1228840k free), swap 8288616k(6484k free)

vm_info: OpenJDK 64-Bit Server VM (25.112-b06) for windows-amd64 JRE (1.8.0_112-release-b06), built on Dec  8 2016 00:54:26 by "builder" with MS VC++ 10.0 (VS2010)

time: Thu May 04 01:23:32 2017
elapsed time: 1224 seconds (0d 0h 20m 24s)

