#
# There is insufficient memory for the Java Runtime Environment to continue.
# Native memory allocation (malloc) failed to allocate 886176 bytes for Chunk::new
# Possible reasons:
#   The system is out of physical RAM or swap space
#   In 32 bit mode, the process size limit was hit
# Possible solutions:
#   Reduce memory load on the system
#   Increase physical memory or swap space
#   Check if swap backing store is full
#   Use 64 bit Java on a 64 bit OS
#   Decrease Java heap size (-Xmx/-Xms)
#   Decrease number of Java threads
#   Decrease Java thread stack sizes (-Xss)
#   Set larger code cache with -XX:ReservedCodeCacheSize=
# This output file may be truncated or incomplete.
#
#  Out of Memory Error (allocation.cpp:390), pid=1056, tid=0x00000000000012d4
#
# JRE version: OpenJDK Runtime Environment (8.0_112-b06) (build 1.8.0_112-release-b06)
# Java VM: OpenJDK 64-Bit Server VM (25.112-b06 mixed mode windows-amd64 compressed oops)
# Failed to write core dump. Minidumps are not enabled by default on client versions of Windows
#

---------------  T H R E A D  ---------------

Current thread (0x000000001877b000):  JavaThread "C2 CompilerThread0" daemon [_thread_in_native, id=4820, stack(0x0000000018f60000,0x0000000019060000)]

Stack: [0x0000000018f60000,0x0000000019060000]
[error occurred during error reporting (printing stack bounds), id 0xc0000005]

Native frames: (J=compiled Java code, j=interpreted, Vv=VM code, C=native code)


Current CompileTask:
C2:1225378 15052       4       com.android.dx.dex.code.OutputFinisher::addConstants (93 bytes)


---------------  P R O C E S S  ---------------

Java Threads: ( => current thread )
  0x00000000203c6000 JavaThread "pool-8-thread-3" [_thread_blocked, id=4144, stack(0x00000000255d0000,0x00000000256d0000)]
  0x00000000203c2000 JavaThread "pool-14-thread-1" [_thread_blocked, id=3548, stack(0x00000000246d0000,0x00000000247d0000)]
  0x00000000203c3800 JavaThread "Cache update executor" [_thread_blocked, id=6732, stack(0x0000000022f60000,0x0000000023060000)]
  0x00000000203bd800 JavaThread "Stdin handler" [_thread_blocked, id=5764, stack(0x000000001e560000,0x000000001e660000)]
  0x00000000203c0800 JavaThread "Asynchronous log dispatcher for DefaultDaemonConnection: socket connection from /127.0.0.1:49206 to /127.0.0.1:49919" [_thread_blocked, id=4404, stack(0x000000001dfb0000,0x000000001e0b0000)]
  0x00000000203bd000 JavaThread "Daemon worker Thread 4" [_thread_in_native, id=7048, stack(0x000000001c700000,0x000000001c800000)]
  0x00000000203be800 JavaThread "Cancel handler" [_thread_blocked, id=5532, stack(0x000000001c600000,0x000000001c700000)]
  0x0000000019f1a000 JavaThread "Handler for socket connection from /127.0.0.1:49206 to /127.0.0.1:49919" [_thread_in_native, id=4008, stack(0x000000001c500000,0x000000001c600000)]
  0x0000000019f1c000 JavaThread "Daemon Thread 4" [_thread_blocked, id=4384, stack(0x000000001c400000,0x000000001c500000)]
  0x0000000019f16000 JavaThread "pool-8-thread-2" [_thread_blocked, id=6088, stack(0x0000000024ed0000,0x0000000024fd0000)]
  0x00000000203c9800 JavaThread "pool-8-thread-1" [_thread_blocked, id=1848, stack(0x0000000024dd0000,0x0000000024ed0000)]
  0x0000000019f1a800 JavaThread "pool-2-thread-1" [_thread_blocked, id=5964, stack(0x000000001ec80000,0x000000001ed80000)]
  0x000000001babf800 JavaThread "File lock request listener" [_thread_in_native, id=4440, stack(0x000000001cc00000,0x000000001cd00000)]
  0x000000001a46b000 JavaThread "pool-1-thread-1" [_thread_blocked, id=404, stack(0x000000001c800000,0x000000001c900000)]
  0x000000001a3b1800 JavaThread "Incoming local TCP Connector on port 49206" [_thread_in_native, id=4960, stack(0x000000001bf00000,0x000000001c000000)]
  0x00000000187ca000 JavaThread "Service Thread" daemon [_thread_blocked, id=1088, stack(0x0000000019360000,0x0000000019460000)]
  0x000000001684c800 JavaThread "C1 CompilerThread3" daemon [_thread_blocked, id=2388, stack(0x0000000019260000,0x0000000019360000)]
  0x0000000016848800 JavaThread "C2 CompilerThread2" daemon [_thread_in_native, id=3960, stack(0x0000000019160000,0x0000000019260000)]
  0x000000001877d800 JavaThread "C2 CompilerThread1" daemon [_thread_blocked, id=2896, stack(0x0000000019060000,0x0000000019160000)]
=>0x000000001877b000 JavaThread "C2 CompilerThread0" daemon [_thread_in_native, id=4820, stack(0x0000000018f60000,0x0000000019060000)]
  0x0000000018779800 JavaThread "Attach Listener" daemon [_thread_blocked, id=4332, stack(0x0000000018e60000,0x0000000018f60000)]
  0x0000000018778800 JavaThread "Signal Dispatcher" daemon [_thread_blocked, id=4796, stack(0x0000000018d60000,0x0000000018e60000)]
  0x0000000018720800 JavaThread "Finalizer" daemon [_thread_blocked, id=3344, stack(0x0000000018b00000,0x0000000018c00000)]
  0x0000000002a74000 JavaThread "Reference Handler" daemon [_thread_blocked, id=4732, stack(0x0000000018600000,0x0000000018700000)]
  0x0000000002980800 JavaThread "main" [_thread_blocked, id=3780, stack(0x0000000002800000,0x0000000002900000)]

Other Threads:
  0x0000000016836000 VMThread [stack: 0x0000000018500000,0x0000000018600000] [id=4132]
  0x00000000187cb000 WatcherThread [stack: 0x0000000019460000,0x0000000019560000] [id=864]

VM state:not at safepoint (normal execution)

VM Mutex/Monitor currently owned by a thread: None

Heap:
 PSYoungGen      total 147456K, used 48973K [0x00000000e0000000, 0x00000000ea980000, 0x0000000100000000)
  eden space 121344K, 30% used [0x00000000e0000000,0x00000000e248eda0,0x00000000e7680000)
  from space 26112K, 44% used [0x00000000e7680000,0x00000000e81c4930,0x00000000e9000000)
  to   space 25600K, 0% used [0x00000000e9080000,0x00000000e9080000,0x00000000ea980000)
 ParOldGen       total 131584K, used 77430K [0x00000000a0000000, 0x00000000a8080000, 0x00000000e0000000)
  object space 131584K, 58% used [0x00000000a0000000,0x00000000a4b9dae0,0x00000000a8080000)
 Metaspace       used 70320K, capacity 73418K, committed 73688K, reserved 1114112K
  class space    used 9125K, capacity 9724K, committed 9728K, reserved 1048576K

Card table byte_map: [0x0000000011e40000,0x0000000012150000] byte_map_base: 0x0000000011940000

Marking Bits: (ParMarkBitMap*) 0x0000000067e718f0
 Begin Bits: [0x0000000012b50000, 0x0000000014350000)
 End Bits:   [0x0000000014350000, 0x0000000015b50000)

Polling page: 0x0000000000820000

CodeCache: size=245760Kb used=42364Kb max_used=42364Kb free=203395Kb
 bounds [0x0000000002a80000, 0x0000000005420000, 0x0000000011a80000]
 total_blobs=13057 nmethods=12264 adapters=703
 compilation: enabled

Compilation events (10 events):
Event: 1225.093 Thread 0x000000001684c800 nmethod 15104 0x0000000005407e10 code [0x0000000005407f60, 0x0000000005408090]
Event: 1225.093 Thread 0x000000001684c800 15105       3       java.io.FileOutputStream::write (10 bytes)
Event: 1225.093 Thread 0x000000001684c800 nmethod 15105 0x0000000005407710 code [0x0000000005407880, 0x0000000005407a08]
Event: 1225.096 Thread 0x000000001877d800 nmethod 15056 0x0000000005410290 code [0x0000000005410420, 0x0000000005410ae8]
Event: 1225.096 Thread 0x000000001877d800 15026       4       com.android.dx.rop.cst.CstType::compareTo0 (25 bytes)
Event: 1225.097 Thread 0x000000001877d800 nmethod 15026 0x000000000540e590 code [0x000000000540e6e0, 0x000000000540e878]
Event: 1225.097 Thread 0x000000001877d800 15057       4       com.android.dx.dex.file.StringIdsSection::intern (13 bytes)
Event: 1225.104 Thread 0x000000001877d800 nmethod 15057 0x000000000540f310 code [0x000000000540f480, 0x000000000540fc28]
Event: 1225.104 Thread 0x000000001877d800 14869       4       com.android.dx.ssa.SsaMethod::forEachInsn (36 bytes)
Event: 1225.109 Thread 0x000000001877d800 nmethod 14869 0x00000000054069d0 code [0x0000000005406b40, 0x0000000005406f48]

GC Heap History (10 events):
Event: 1070.221 GC heap before
{Heap before GC invocations=37 (full 4):
 PSYoungGen      total 104960K, used 95439K [0x00000000e0000000, 0x00000000e8480000, 0x0000000100000000)
  eden space 78336K, 100% used [0x00000000e0000000,0x00000000e4c80000,0x00000000e4c80000)
  from space 26624K, 64% used [0x00000000e6780000,0x00000000e7833e90,0x00000000e8180000)
  to   space 27648K, 0% used [0x00000000e4c80000,0x00000000e4c80000,0x00000000e6780000)
 ParOldGen       total 131584K, used 66223K [0x00000000a0000000, 0x00000000a8080000, 0x00000000e0000000)
  object space 131584K, 50% used [0x00000000a0000000,0x00000000a40abfb8,0x00000000a8080000)
 Metaspace       used 69576K, capacity 72532K, committed 72664K, reserved 1112064K
  class space    used 9064K, capacity 9623K, committed 9728K, reserved 1048576K
Event: 1070.225 GC heap after
Heap after GC invocations=37 (full 4):
 PSYoungGen      total 105984K, used 224K [0x00000000e0000000, 0x00000000e9500000, 0x0000000100000000)
  eden space 78336K, 0% used [0x00000000e0000000,0x00000000e0000000,0x00000000e4c80000)
  from space 27648K, 0% used [0x00000000e4c80000,0x00000000e4cb8000,0x00000000e6780000)
  to   space 27648K, 0% used [0x00000000e7a00000,0x00000000e7a00000,0x00000000e9500000)
 ParOldGen       total 131584K, used 77254K [0x00000000a0000000, 0x00000000a8080000, 0x00000000e0000000)
  object space 131584K, 58% used [0x00000000a0000000,0x00000000a4b71ae0,0x00000000a8080000)
 Metaspace       used 69576K, capacity 72532K, committed 72664K, reserved 1112064K
  class space    used 9064K, capacity 9623K, committed 9728K, reserved 1048576K
}
Event: 1070.241 GC heap before
{Heap before GC invocations=38 (full 4):
 PSYoungGen      total 105984K, used 78266K [0x00000000e0000000, 0x00000000e9500000, 0x0000000100000000)
  eden space 78336K, 99% used [0x00000000e0000000,0x00000000e4c369f0,0x00000000e4c80000)
  from space 27648K, 0% used [0x00000000e4c80000,0x00000000e4cb8000,0x00000000e6780000)
  to   space 27648K, 0% used [0x00000000e7a00000,0x00000000e7a00000,0x00000000e9500000)
 ParOldGen       total 131584K, used 77254K [0x00000000a0000000, 0x00000000a8080000, 0x00000000e0000000)
  object space 131584K, 58% used [0x00000000a0000000,0x00000000a4b71ae0,0x00000000a8080000)
 Metaspace       used 69578K, capacity 72532K, committed 72664K, reserved 1112064K
  class space    used 9064K, capacity 9623K, committed 9728K, reserved 1048576K
Event: 1070.245 GC heap after
Heap after GC invocations=38 (full 4):
 PSYoungGen      total 124928K, used 192K [0x00000000e0000000, 0x00000000e9480000, 0x0000000100000000)
  eden space 97792K, 0% used [0x00000000e0000000,0x00000000e0000000,0x00000000e5f80000)
  from space 27136K, 0% used [0x00000000e7a00000,0x00000000e7a30000,0x00000000e9480000)
  to   space 27136K, 0% used [0x00000000e5f80000,0x00000000e5f80000,0x00000000e7a00000)
 ParOldGen       total 131584K, used 77294K [0x00000000a0000000, 0x00000000a8080000, 0x00000000e0000000)
  object space 131584K, 58% used [0x00000000a0000000,0x00000000a4b7bae0,0x00000000a8080000)
 Metaspace       used 69578K, capacity 72532K, committed 72664K, reserved 1112064K
  class space    used 9064K, capacity 9623K, committed 9728K, reserved 1048576K
}
Event: 1070.265 GC heap before
{Heap before GC invocations=39 (full 4):
 PSYoungGen      total 124928K, used 97115K [0x00000000e0000000, 0x00000000e9480000, 0x0000000100000000)
  eden space 97792K, 99% used [0x00000000e0000000,0x00000000e5ea6d78,0x00000000e5f80000)
  from space 27136K, 0% used [0x00000000e7a00000,0x00000000e7a30000,0x00000000e9480000)
  to   space 27136K, 0% used [0x00000000e5f80000,0x00000000e5f80000,0x00000000e7a00000)
 ParOldGen       total 131584K, used 77294K [0x00000000a0000000, 0x00000000a8080000, 0x00000000e0000000)
  object space 131584K, 58% used [0x00000000a0000000,0x00000000a4b7bae0,0x00000000a8080000)
 Metaspace       used 69580K, capacity 72532K, committed 72664K, reserved 1112064K
  class space    used 9064K, capacity 9623K, committed 9728K, reserved 1048576K
Event: 1070.268 GC heap after
Heap after GC invocations=39 (full 4):
 PSYoungGen      total 124928K, used 192K [0x00000000e0000000, 0x00000000eaa80000, 0x0000000100000000)
  eden space 97792K, 0% used [0x00000000e0000000,0x00000000e0000000,0x00000000e5f80000)
  from space 27136K, 0% used [0x00000000e5f80000,0x00000000e5fb0000,0x00000000e7a00000)
  to   space 26624K, 0% used [0x00000000e9080000,0x00000000e9080000,0x00000000eaa80000)
 ParOldGen       total 131584K, used 77334K [0x00000000a0000000, 0x00000000a8080000, 0x00000000e0000000)
  object space 131584K, 58% used [0x00000000a0000000,0x00000000a4b85ae0,0x00000000a8080000)
 Metaspace       used 69580K, capacity 72532K, committed 72664K, reserved 1112064K
  class space    used 9064K, capacity 9623K, committed 9728K, reserved 1048576K
}
Event: 1070.294 GC heap before
{Heap before GC invocations=40 (full 4):
 PSYoungGen      total 124928K, used 97205K [0x00000000e0000000, 0x00000000eaa80000, 0x0000000100000000)
  eden space 97792K, 99% used [0x00000000e0000000,0x00000000e5ebd418,0x00000000e5f80000)
  from space 27136K, 0% used [0x00000000e5f80000,0x00000000e5fb0000,0x00000000e7a00000)
  to   space 26624K, 0% used [0x00000000e9080000,0x00000000e9080000,0x00000000eaa80000)
 ParOldGen       total 131584K, used 77334K [0x00000000a0000000, 0x00000000a8080000, 0x00000000e0000000)
  object space 131584K, 58% used [0x00000000a0000000,0x00000000a4b85ae0,0x00000000a8080000)
 Metaspace       used 69584K, capacity 72532K, committed 72664K, reserved 1112064K
  class space    used 9064K, capacity 9623K, committed 9728K, reserved 1048576K
Event: 1070.298 GC heap after
Heap after GC invocations=40 (full 4):
 PSYoungGen      total 146944K, used 224K [0x00000000e0000000, 0x00000000ea980000, 0x0000000100000000)
  eden space 121344K, 0% used [0x00000000e0000000,0x00000000e0000000,0x00000000e7680000)
  from space 25600K, 0% used [0x00000000e9080000,0x00000000e90b8000,0x00000000ea980000)
  to   space 26112K, 0% used [0x00000000e7680000,0x00000000e7680000,0x00000000e9000000)
 ParOldGen       total 131584K, used 77382K [0x00000000a0000000, 0x00000000a8080000, 0x00000000e0000000)
  object space 131584K, 58% used [0x00000000a0000000,0x00000000a4b91ae0,0x00000000a8080000)
 Metaspace       used 69584K, capacity 72532K, committed 72664K, reserved 1112064K
  class space    used 9064K, capacity 9623K, committed 9728K, reserved 1048576K
}
Event: 1223.691 GC heap before
{Heap before GC invocations=41 (full 4):
 PSYoungGen      total 146944K, used 121568K [0x00000000e0000000, 0x00000000ea980000, 0x0000000100000000)
  eden space 121344K, 100% used [0x00000000e0000000,0x00000000e7680000,0x00000000e7680000)
  from space 25600K, 0% used [0x00000000e9080000,0x00000000e90b8000,0x00000000ea980000)
  to   space 26112K, 0% used [0x00000000e7680000,0x00000000e7680000,0x00000000e9000000)
 ParOldGen       total 131584K, used 77382K [0x00000000a0000000, 0x00000000a8080000, 0x00000000e0000000)
  object space 131584K, 58% used [0x00000000a0000000,0x00000000a4b91ae0,0x00000000a8080000)
 Metaspace       used 70071K, capacity 73068K, committed 73176K, reserved 1112064K
  class space    used 9122K, capacity 9719K, committed 9728K, reserved 1048576K
Event: 1223.700 GC heap after
Heap after GC invocations=41 (full 4):
 PSYoungGen      total 147456K, used 11538K [0x00000000e0000000, 0x00000000ea980000, 0x0000000100000000)
  eden space 121344K, 0% used [0x00000000e0000000,0x00000000e0000000,0x00000000e7680000)
  from space 26112K, 44% used [0x00000000e7680000,0x00000000e81c4930,0x00000000e9000000)
  to   space 25600K, 0% used [0x00000000e9080000,0x00000000e9080000,0x00000000ea980000)
 ParOldGen       total 131584K, used 77430K [0x00000000a0000000, 0x00000000a8080000, 0x00000000e0000000)
  object space 131584K, 58% used [0x00000000a0000000,0x00000000a4b9dae0,0x00000000a8080000)
 Metaspace       used 70071K, capacity 73068K, committed 73176K, reserved 1112064K
  class space    used 9122K, capacity 9719K, committed 9728K, reserved 1048576K
}

Deoptimization events (10 events):
Event: 1225.059 Thread 0x00000000203c6000 Uncommon trap: reason=unstable_if action=reinterpret pc=0x0000000004ef7c58 method=com.android.dx.dex.file.ValueEncoder.constantToValueType(Lcom/android/dx/rop/cst/Constant;)I @ 80
Event: 1225.074 Thread 0x00000000203c6000 Uncommon trap: reason=speculate_class_check action=maybe_recompile pc=0x0000000004f12d44 method=com.android.dx.dex.file.MemberIdItem.writeTo(Lcom/android/dx/dex/file/DexFile;Lcom/android/dx/util/AnnotatedOutput;)V @ 44
Event: 1225.074 Thread 0x00000000203c6000 Uncommon trap: reason=speculate_class_check action=maybe_recompile pc=0x0000000004f12d44 method=com.android.dx.dex.file.MemberIdItem.writeTo(Lcom/android/dx/dex/file/DexFile;Lcom/android/dx/util/AnnotatedOutput;)V @ 44
Event: 1225.074 Thread 0x00000000203c6000 Uncommon trap: reason=speculate_class_check action=maybe_recompile pc=0x0000000004f12d44 method=com.android.dx.dex.file.MemberIdItem.writeTo(Lcom/android/dx/dex/file/DexFile;Lcom/android/dx/util/AnnotatedOutput;)V @ 44
Event: 1225.074 Thread 0x00000000203c6000 Uncommon trap: reason=speculate_class_check action=maybe_recompile pc=0x0000000004f12d44 method=com.android.dx.dex.file.MemberIdItem.writeTo(Lcom/android/dx/dex/file/DexFile;Lcom/android/dx/util/AnnotatedOutput;)V @ 44
Event: 1225.080 Thread 0x00000000203c6000 Uncommon trap: reason=predicate action=maybe_recompile pc=0x00000000053b6098 method=java.util.ComparableTimSort.binarySort([Ljava/lang/Object;III)V @ 37
Event: 1225.081 Thread 0x00000000203c6000 Uncommon trap: reason=class_check action=maybe_recompile pc=0x0000000004705d44 method=java.io.DataOutputStream.writeBytes(Ljava/lang/String;)V @ 22
Event: 1225.081 Thread 0x00000000203c6000 Uncommon trap: reason=class_check action=maybe_recompile pc=0x0000000004705d44 method=java.io.DataOutputStream.writeBytes(Ljava/lang/String;)V @ 22
Event: 1225.081 Thread 0x00000000203c6000 Uncommon trap: reason=class_check action=maybe_recompile pc=0x0000000004705d44 method=java.io.DataOutputStream.writeBytes(Ljava/lang/String;)V @ 22
Event: 1225.081 Thread 0x00000000203c6000 Uncommon trap: reason=class_check action=maybe_recompile pc=0x0000000004705d44 method=java.io.DataOutputStream.writeBytes(Ljava/lang/String;)V @ 22

Internal exceptions (10 events):
Event: 1219.486 Thread 0x00000000203bd000 Exception <a 'sun/nio/fs/WindowsException'> (0x00000000e457b878) thrown at [C:\src\android\AOSP-openjdk\external\jetbrains\jdk\hotspot\src\share\vm\prims\jni.cpp, line 709]
Event: 1219.486 Thread 0x00000000203bd000 Exception <a 'sun/nio/fs/WindowsException'> (0x00000000e457c478) thrown at [C:\src\android\AOSP-openjdk\external\jetbrains\jdk\hotspot\src\share\vm\prims\jni.cpp, line 709]
Event: 1219.487 Thread 0x00000000203bd000 Exception <a 'sun/nio/fs/WindowsException'> (0x00000000e457ef88) thrown at [C:\src\android\AOSP-openjdk\external\jetbrains\jdk\hotspot\src\share\vm\prims\jni.cpp, line 709]
Event: 1219.487 Thread 0x00000000203bd000 Exception <a 'sun/nio/fs/WindowsException'> (0x00000000e457fbb8) thrown at [C:\src\android\AOSP-openjdk\external\jetbrains\jdk\hotspot\src\share\vm\prims\jni.cpp, line 709]
Event: 1219.487 Thread 0x00000000203bd000 Exception <a 'sun/nio/fs/WindowsException'> (0x00000000e4581820) thrown at [C:\src\android\AOSP-openjdk\external\jetbrains\jdk\hotspot\src\share\vm\prims\jni.cpp, line 709]
Event: 1219.487 Thread 0x00000000203bd000 Exception <a 'sun/nio/fs/WindowsException'> (0x00000000e4582490) thrown at [C:\src\android\AOSP-openjdk\external\jetbrains\jdk\hotspot\src\share\vm\prims\jni.cpp, line 709]
Event: 1219.488 Thread 0x00000000203bd000 Exception <a 'sun/nio/fs/WindowsException'> (0x00000000e4585170) thrown at [C:\src\android\AOSP-openjdk\external\jetbrains\jdk\hotspot\src\share\vm\prims\jni.cpp, line 709]
Event: 1219.488 Thread 0x00000000203bd000 Exception <a 'sun/nio/fs/WindowsException'> (0x00000000e4585e18) thrown at [C:\src\android\AOSP-openjdk\external\jetbrains\jdk\hotspot\src\share\vm\prims\jni.cpp, line 709]
Event: 1219.488 Thread 0x00000000203bd000 Exception <a 'sun/nio/fs/WindowsException'> (0x00000000e4587af8) thrown at [C:\src\android\AOSP-openjdk\external\jetbrains\jdk\hotspot\src\share\vm\prims\jni.cpp, line 709]
Event: 1219.488 Thread 0x00000000203bd000 Exception <a 'sun/nio/fs/WindowsException'> (0x00000000e45887e0) thrown at [C:\src\android\AOSP-openjdk\external\jetbrains\jdk\hotspot\src\share\vm\prims\jni.cpp, line 709]

Events (10 events):
Event: 1225.081 Thread 0x00000000203c6000 DEOPT UNPACKING pc=0x0000000002ac556a sp=0x00000000256cea10 mode 2
Event: 1225.081 Thread 0x00000000203c6000 Uncommon trap: trap_request=0xffffffde fr.pc=0x0000000004705d44
Event: 1225.081 Thread 0x00000000203c6000 DEOPT PACKING pc=0x0000000004705d44 sp=0x00000000256cea00
Event: 1225.081 Thread 0x00000000203c6000 DEOPT UNPACKING pc=0x0000000002ac556a sp=0x00000000256cea10 mode 2
Event: 1225.081 Thread 0x00000000203c6000 Uncommon trap: trap_request=0xffffffde fr.pc=0x0000000004705d44
Event: 1225.081 Thread 0x00000000203c6000 DEOPT PACKING pc=0x0000000004705d44 sp=0x00000000256cea00
Event: 1225.081 Thread 0x00000000203c6000 DEOPT UNPACKING pc=0x0000000002ac556a sp=0x00000000256cea10 mode 2
Event: 1225.081 Thread 0x00000000203c6000 Uncommon trap: trap_request=0xffffffde fr.pc=0x0000000004705d44
Event: 1225.081 Thread 0x00000000203c6000 DEOPT PACKING pc=0x0000000004705d44 sp=0x00000000256cea00
Event: 1225.081 Thread 0x00000000203c6000 DEOPT UNPACKING pc=0x0000000002ac556a sp=0x00000000256cea10 mode 2


Dynamic libraries:
0x00007ff642880000 - 0x00007ff6428b1000 	C:\Program Files\Android\Android Studio\jre\bin\java.exe
0x00007ffa4da10000 - 0x00007ffa4dbba000 	C:\Windows\SYSTEM32\ntdll.dll
0x00007ffa4b2f0000 - 0x00007ffa4b42a000 	C:\Windows\system32\KERNEL32.DLL
0x00007ffa4b180000 - 0x00007ffa4b28f000 	C:\Windows\system32\KERNELBASE.dll
0x00007ffa4be60000 - 0x00007ffa4bf05000 	C:\Windows\system32\ADVAPI32.dll
0x00007ffa4b4f0000 - 0x00007ffa4b661000 	C:\Windows\system32\USER32.dll
0x00007ffa48d60000 - 0x00007ffa48fba000 	C:\Windows\WinSxS\amd64_microsoft.windows.common-controls_6595b64144ccf1df_6.0.9600.17031_none_6242a4b3ecbb55a1\COMCTL32.dll
0x00007ffa4bc20000 - 0x00007ffa4bcc7000 	C:\Windows\system32\msvcrt.dll
0x00007ffa4b720000 - 0x00007ffa4b777000 	C:\Windows\SYSTEM32\sechost.dll
0x00007ffa4c2b0000 - 0x00007ffa4c3e6000 	C:\Windows\system32\RPCRT4.dll
0x00007ffa4c100000 - 0x00007ffa4c245000 	C:\Windows\system32\GDI32.dll
0x00007ffa4bf20000 - 0x00007ffa4bf54000 	C:\Windows\system32\IMM32.DLL
0x00007ffa4b780000 - 0x00007ffa4b8b9000 	C:\Windows\system32\MSCTF.dll
0x00007ffa4ad40000 - 0x00007ffa4ad70000 	C:\Windows\system32\nvinitx.dll
0x00007ffa4ad30000 - 0x00007ffa4ad3a000 	C:\Windows\SYSTEM32\VERSION.dll
0x000000006a1d0000 - 0x000000006a1d6000 	C:\Program Files\NVIDIA Corporation\CoProcManager\_etoured.dll
0x00007ffa49140000 - 0x00007ffa49178000 	C:\Program Files\NVIDIA Corporation\CoProcManager\nvd3d9wrapx.dll
0x00007ffa4d830000 - 0x00007ffa4da04000 	C:\Windows\system32\SETUPAPI.dll
0x00007ffa4b130000 - 0x00007ffa4b17a000 	C:\Windows\system32\CFGMGR32.dll
0x00007ffa48d00000 - 0x00007ffa48d24000 	C:\Program Files\NVIDIA Corporation\CoProcManager\nvdxgiwrapx.dll
0x00000000674f0000 - 0x00000000675c2000 	C:\Program Files\Android\Android Studio\jre\jre\bin\msvcr100.dll
0x00000000676b0000 - 0x0000000067eec000 	C:\Program Files\Android\Android Studio\jre\jre\bin\server\jvm.dll
0x00007ffa3ba40000 - 0x00007ffa3ba49000 	C:\Windows\SYSTEM32\WSOCK32.dll
0x00007ffa46e00000 - 0x00007ffa46e1f000 	C:\Windows\SYSTEM32\WINMM.dll
0x00007ffa4c400000 - 0x00007ffa4c407000 	C:\Windows\system32\PSAPI.DLL
0x00007ffa4c250000 - 0x00007ffa4c2a8000 	C:\Windows\system32\WS2_32.dll
0x00007ffa471f0000 - 0x00007ffa4721a000 	C:\Windows\SYSTEM32\WINMMBASE.dll
0x00007ffa4c3f0000 - 0x00007ffa4c3f9000 	C:\Windows\system32\NSI.dll
0x00007ffa49aa0000 - 0x00007ffa49ac6000 	C:\Windows\SYSTEM32\DEVOBJ.dll
0x00007ffa3ba30000 - 0x00007ffa3ba3f000 	C:\Program Files\Android\Android Studio\jre\jre\bin\verify.dll
0x00007ffa39180000 - 0x00007ffa391a9000 	C:\Program Files\Android\Android Studio\jre\jre\bin\java.dll
0x00007ffa39160000 - 0x00007ffa39176000 	C:\Program Files\Android\Android Studio\jre\jre\bin\zip.dll
0x00007ffa4c410000 - 0x00007ffa4d827000 	C:\Windows\system32\SHELL32.dll
0x00007ffa4b8c0000 - 0x00007ffa4ba96000 	C:\Windows\SYSTEM32\combase.dll
0x00007ffa4b290000 - 0x00007ffa4b2e1000 	C:\Windows\system32\SHLWAPI.dll
0x00007ffa493a0000 - 0x00007ffa4943f000 	C:\Windows\SYSTEM32\SHCORE.dll
0x00007ffa4ad80000 - 0x00007ffa4ad94000 	C:\Windows\SYSTEM32\profapi.dll
0x00007ffa38f90000 - 0x00007ffa38faa000 	C:\Program Files\Android\Android Studio\jre\jre\bin\net.dll
0x00007ffa4a5a0000 - 0x00007ffa4a5f8000 	C:\Windows\system32\mswsock.dll
0x00007ffa37d70000 - 0x00007ffa37d81000 	C:\Program Files\Android\Android Studio\jre\jre\bin\nio.dll
0x00007ffa31220000 - 0x00007ffa3123e000 	C:\Users\Administrator\.gradle\native\23\windows-amd64\native-platform.dll
0x00007ffa4a600000 - 0x00007ffa4a61e000 	C:\Windows\SYSTEM32\CRYPTSP.dll
0x00007ffa4a240000 - 0x00007ffa4a275000 	C:\Windows\system32\rsaenh.dll
0x00007ffa4a890000 - 0x00007ffa4a8b6000 	C:\Windows\SYSTEM32\bcrypt.dll
0x00007ffa4a350000 - 0x00007ffa4a36e000 	C:\Windows\SYSTEM32\USERENV.dll
0x00007ffa4abb0000 - 0x00007ffa4ac10000 	C:\Windows\system32\bcryptprimitives.dll
0x00007ffa4ac10000 - 0x00007ffa4ac1a000 	C:\Windows\SYSTEM32\CRYPTBASE.dll
0x00007ffa461f0000 - 0x00007ffa46219000 	C:\Windows\SYSTEM32\IPHLPAPI.DLL
0x00007ffa46170000 - 0x00007ffa4617a000 	C:\Windows\SYSTEM32\WINNSI.DLL
0x00007ffa45980000 - 0x00007ffa45994000 	C:\Windows\SYSTEM32\dhcpcsvc6.DLL
0x00007ffa45960000 - 0x00007ffa45979000 	C:\Windows\SYSTEM32\dhcpcsvc.DLL
0x00007ffa3ba20000 - 0x00007ffa3ba2d000 	C:\Program Files\Android\Android Studio\jre\jre\bin\management.dll

VM Arguments:
jvm_args: -Xmx1536m -Dfile.encoding=x-windows-874 -Duser.country=US -Duser.language=en -Duser.variant 
java_command: org.gradle.launcher.daemon.bootstrap.GradleDaemon 3.3
java_class_path (initial): C:\Users\Administrator\.gradle\wrapper\dists\gradle-3.3-all\55gk2rcmfc6p2dg9u9ohc3hw9\gradle-3.3\lib\gradle-launcher-3.3.jar
Launcher Type: SUN_STANDARD

Environment Variables:
PATH=C:\Windows\system32;C:\Windows;C:\Windows\System32\Wbem;C:\Windows\System32\WindowsPowerShell\v1.0\;C:\Program Files (x86)\NVIDIA Corporation\PhysX\Common;C:\Program Files\Git\cmd
USERNAME=Administrator
OS=Windows_NT
PROCESSOR_IDENTIFIER=Intel64 Family 6 Model 58 Stepping 9, GenuineIntel



---------------  S Y S T E M  ---------------

OS: Windows 8.1 , 64 bit Build 9600 (6.3.9600.17056)

CPU:total 8 (4 cores per cpu, 2 threads per core) family 6 model 58 stepping 9, cmov, cx8, fxsr, mmx, sse, sse2, sse3, ssse3, sse4.1, sse4.2, popcnt, avx, aes, clmul, erms, ht, tsc, tscinvbit, tscinv

Memory: 4k page, physical 8288620k(1257164k free), swap 8288620k(5888k free)

vm_info: OpenJDK 64-Bit Server VM (25.112-b06) for windows-amd64 JRE (1.8.0_112-release-b06), built on Dec  8 2016 00:54:26 by "builder" with MS VC++ 10.0 (VS2010)

time: Fri Jul 07 15:53:38 2017
elapsed time: 1225 seconds (0d 0h 20m 25s)

